<?xml version="1.0" encoding="UTF-8"?>
<!-- Generated by org.testng.reporters.JUnitReportReporter -->
<testsuite hostname="DESKTOP-G8F0CIR" failures="0" tests="1" name="RestAssuredTest.CheckStatus" time="6.706" errors="0" timestamp="19 Jan 2020 05:11:01 GMT" skipped="0">
  <testcase classname="RestAssuredTest.CheckStatus" name="checkstatus" time="6.706"/>
</testsuite> <!-- RestAssuredTest.CheckStatus -->
